<?xml version="1.0" encoding="UTF-8"?>
<testsuite xmlns:xsi="http://www.w3.org/2001/XMLSchema-instance" xsi:noNamespaceSchemaLocation="https://maven.apache.org/surefire/maven-surefire-plugin/xsd/surefire-test-report-3.0.xsd" version="3.0" name="TestSuite" time="0.542" tests="1" errors="0" skipped="0" failures="0">
  <properties>
[...]
</properties>
  <testcase name="test" classname="Trigger" time="0.124">
    <system-out><![CDATA[The apk file to get : TPCApp-1.0.0-0d6744fb08-10-debug-emu.apk
sourceFilePath = C:\Users\akifm\Downloads\TPCApp-1.0.0-0d6744fb08-10-debug-emu.apk
targetFolderPath = C:/Users/akifm/Documents/
targetFilePath = C:/Users/akifm/Documents/TPCApp-1.0.0-0d6744fb08-10-debug-emu.apk
targetFile.getName() = TPCApp-1.0.0-0d6744fb08-10-debug-emu.apk
targetFile.exists() = false
New apk file copied.
]]></system-out>
  </testcase>
</testsuite>