<?xml version="1.0" encoding="UTF-8"?>
<testng-results ignored="0" total="1" passed="1" failed="0" skipped="0">
  <reporter-output>
  </reporter-output>
  <suite started-at="2022-10-28T15:45:29 EET" name="All Test Suite" finished-at="2022-10-28T15:45:30 EET" duration-ms="112">
    <groups>
    </groups>
    <test started-at="2022-10-28T15:45:29 EET" name="D:/TestTrigger" finished-at="2022-10-28T15:45:30 EET" duration-ms="112">
      <class name="Trigger">
        <test-method signature="test()[pri:0, instance:Trigger@378542de]" started-at="2022-10-28T15:45:30 EET" name="test" finished-at="2022-10-28T15:45:30 EET" duration-ms="91" status="PASS">
          <reporter-output>
          </reporter-output>
        </test-method> <!-- test -->
      </class> <!-- Trigger -->
    </test> <!-- D:/TestTrigger -->
  </suite> <!-- All Test Suite -->
</testng-results>
